[2026-03-01 19:54:13,965][datasets.load][WARNING] - Using the latest cached version of the dataset since wikitext couldn't be found on the Hugging Face Hub (offline mode is enabled).
[2026-03-01 19:54:13,966][datasets.packaged_modules.cache.cache][WARNING] - Found the latest cached dataset configuration 'wikitext-103-raw-v1' at /home/tarunak/.cache/huggingface/datasets/wikitext/wikitext-103-raw-v1/0.0.0/b08601e04326c79dfdd32d625aee71d232d685c3 (last modified on Thu Feb 26 21:25:17 2026).
[2026-03-02 06:53:38,921][absl][INFO] - save_device_host_concurrent_bytes=None
[2026-03-02 06:53:38,922][absl][INFO] - Created BasePyTreeCheckpointHandler: use_ocdbt=True, use_zarr3=False, pytree_metadata_options=PyTreeMetadataOptions(support_rich_types=False), array_metadata_store=<orbax.checkpoint._src.metadata.array_metadata_store.Store object at 0xeefe47606ba0>, enable_pinned_host_transfer=True, save_concurrent_bytes: 96000000000 (89.4 GiB), restore_concurrent_bytes: 96000000000 (89.4 GiB)
[2026-03-02 06:53:38,924][absl][INFO] - [process=0] Started saving checkpoint to /home/tarunak/scaling/checkpoints/hidden_dim=1028/ckpt.
[2026-03-02 06:53:38,925][absl][INFO] - Creating tmp directory /home/tarunak/scaling/checkpoints/hidden_dim=1028/ckpt.orbax-checkpoint-tmp
[2026-03-02 06:53:38,936][absl][INFO] - [process=0][thread=MainThread] Initiated "orbax.checkpoint._src.serialization.type_handlers.ScalarHandler".serialize. Time taken: 0.000159s
[2026-03-02 06:53:38,964][absl][INFO] - [process=0][thread=MainThread] Initiated "orbax.checkpoint._src.serialization.type_handlers.StringHandler".serialize. Time taken: 0.000348s
[2026-03-02 06:53:38,968][absl][INFO] - [process=0][thread=MainThread] Initiated "orbax.checkpoint._src.serialization.type_handlers.ScalarHandler".serialize. Time taken: 0.004447s
[2026-03-02 06:53:38,972][absl][INFO] - Scheduling D2H of 15 prioritized jax.Array.
[2026-03-02 06:53:38,972][absl][INFO] - Transferring arrays to host memory with options: use_replica_parallel=True, min_slice_bytes_for_replica_parallel=None, max_replicas_for_replica_parallel=None, enable_pinned_host_transfer=True
[2026-03-02 06:53:39,043][absl][INFO] - [process=0][thread=MainThread] Initiated "orbax.checkpoint._src.serialization.jax_array_handlers.ArrayHandler".serialize. Time taken: 0.074100s
[2026-03-02 06:53:39,046][absl][INFO] - [process=0] /jax/checkpoint/write/blocking_gbytes_per_sec: 808.922 MiB/s (total gbytes: 96.5 MiB) (time elapsed: 0.1193535327911377 s) (per-host)
[2026-03-02 06:53:39,047][absl][INFO] - [process=0][thread=MainThread] Initiated Pytree async_save. Time taken: 0.119954s (batch_requests_ready=0.008227s, total_serialization_initiated=0.110904s, others=0.000823s)
[2026-03-02 06:53:39,047][absl][INFO] - [process=0][thread=MainThread][operation_id=4] _SignalingThread.join() waiting for signals ([]) blocking the main thread will slow down blocking save times. This is likely due to main thread calling result() on a CommitFuture.
[2026-03-02 06:53:39,047][absl][INFO] - [process=0][thread=array_type_handler] Wrote 15 array_metadata.ArrayMetadata to /home/tarunak/scaling/checkpoints/hidden_dim=1028/ckpt.orbax-checkpoint-tmp/array_metadatas/process_0
[2026-03-02 06:53:39,218][absl][INFO] - [process=0][thread=write_metadata_after_commits] Commit + Array metadata written. Time taken: 0.171901s (commit=0.170310s, array_metadata_write=0.001590s)
[2026-03-02 06:53:39,219][absl][INFO] - [process=0] /jax/checkpoint/write/gbytes_per_sec: 329.932 MiB/s (total gbytes: 96.5 MiB) (time elapsed: 0.2926292419433594 s) (per-host)
[2026-03-02 06:53:39,223][absl][INFO] - [process=0][thread=MainThread] Skipped cross-host ArrayMetadata validation because only one process is found: process_index=0.
[2026-03-02 06:53:39,237][absl][INFO] - [process=0][thread=MainThread] Pytree save finalize (merge_ocdbt + ArrayMetadata validation) completed. Time taken: 0.016865s. use_zarr3=False, enable_post_merge_validation=True, directory=/home/tarunak/scaling/checkpoints/hidden_dim=1028/ckpt.orbax-checkpoint-tmp
[2026-03-02 06:53:39,238][absl][INFO] - Renaming /home/tarunak/scaling/checkpoints/hidden_dim=1028/ckpt.orbax-checkpoint-tmp to /home/tarunak/scaling/checkpoints/hidden_dim=1028/ckpt
[2026-03-02 06:53:39,239][absl][INFO] - [process=0][thread=MainThread] Finished saving checkpoint (finalized tmp dir) to `/home/tarunak/scaling/checkpoints/hidden_dim=1028/ckpt`.
[2026-03-02 06:53:39,239][absl][INFO] - Finished synchronous save in 0.32 seconds to /home/tarunak/scaling/checkpoints/hidden_dim=1028/ckpt
