[2026-03-01 14:23:37,627][datasets.load][WARNING] - Using the latest cached version of the dataset since wikitext couldn't be found on the Hugging Face Hub (offline mode is enabled).
[2026-03-01 14:23:37,628][datasets.packaged_modules.cache.cache][WARNING] - Found the latest cached dataset configuration 'wikitext-103-raw-v1' at /home/tarunak/.cache/huggingface/datasets/wikitext/wikitext-103-raw-v1/0.0.0/b08601e04326c79dfdd32d625aee71d232d685c3 (last modified on Thu Feb 26 21:25:17 2026).
[2026-03-01 14:24:27,035][jax._src.xla_bridge][INFO] - Unable to initialize backend 'tpu': INTERNAL: Failed to open libtpu.so: libtpu.so: cannot open shared object file: No such file or directory
[2026-03-01 15:40:43,096][absl][INFO] - orbax-checkpoint version: 0.11.33
[2026-03-01 15:40:43,097][absl][INFO] - save_device_host_concurrent_bytes=None
[2026-03-01 15:40:43,098][absl][INFO] - Created BasePyTreeCheckpointHandler: use_ocdbt=True, use_zarr3=False, pytree_metadata_options=PyTreeMetadataOptions(support_rich_types=False), array_metadata_store=<orbax.checkpoint._src.metadata.array_metadata_store.Store object at 0xeefe47606ba0>, enable_pinned_host_transfer=True, save_concurrent_bytes: 96000000000 (89.4 GiB), restore_concurrent_bytes: 96000000000 (89.4 GiB)
[2026-03-01 15:40:43,099][absl][INFO] - [thread=MainThread] Failed to get flag value for EXPERIMENTAL_ORBAX_USE_DISTRIBUTED_PROCESS_ID.
[2026-03-01 15:40:43,099][absl][INFO] - [process=0] Started saving checkpoint to /home/tarunak/scaling/checkpoints/hidden_dim=128/ckpt.
[2026-03-01 15:40:43,100][absl][INFO] - Creating tmp directory /home/tarunak/scaling/checkpoints/hidden_dim=128/ckpt.orbax-checkpoint-tmp
[2026-03-01 15:40:43,101][absl][INFO] - Wrote Metadata={'item_handlers': None, 'metrics': {}, 'performance_metrics': {}, 'init_timestamp_nsecs': 1772397643101429138, 'commit_timestamp_nsecs': None, 'custom_metadata': {}}, json={"item_handlers": null, "metrics": {}, "performance_metrics": {}, "init_timestamp_nsecs": 1772397643101429138, "commit_timestamp_nsecs": null, "custom_metadata": {}} to /home/tarunak/scaling/checkpoints/hidden_dim=128/ckpt.orbax-checkpoint-tmp/_CHECKPOINT_METADATA
[2026-03-01 15:40:43,105][absl][INFO] - Using ThreadSafeKeyValueSignalingClient
[2026-03-01 15:40:43,106][absl][INFO] - [process=0][thread=MainThread] Initiated "orbax.checkpoint._src.serialization.type_handlers.ScalarHandler".serialize. Time taken: 0.000502s
[2026-03-01 15:40:43,121][absl][INFO] - [process=0][thread=MainThread] Initiated "orbax.checkpoint._src.serialization.type_handlers.StringHandler".serialize. Time taken: 0.015368s
[2026-03-01 15:40:43,122][absl][INFO] - [process=0][thread=MainThread] Initiated "orbax.checkpoint._src.serialization.type_handlers.ScalarHandler".serialize. Time taken: 0.000236s
[2026-03-01 15:40:43,123][absl][INFO] - Scheduling D2H of 15 prioritized jax.Array.
[2026-03-01 15:40:43,123][absl][INFO] - Transferring arrays to host memory with options: use_replica_parallel=True, min_slice_bytes_for_replica_parallel=None, max_replicas_for_replica_parallel=None, enable_pinned_host_transfer=True
[2026-03-01 15:40:43,133][absl][INFO] - [process=0][thread=MainThread] Initiated "orbax.checkpoint._src.serialization.jax_array_handlers.ArrayHandler".serialize. Time taken: 0.010489s
[2026-03-01 15:40:43,136][absl][INFO] - [process=0] /jax/checkpoint/write/blocking_gbytes_per_sec: 249.362 MiB/s (total gbytes: 8.5 MiB) (time elapsed: 0.03422141075134277 s) (per-host)
[2026-03-01 15:40:43,137][absl][INFO] - [process=0][thread=MainThread] Initiated Pytree async_save. Time taken: 0.034680s (batch_requests_ready=0.002446s, total_serialization_initiated=0.031230s, others=0.001003s)
[2026-03-01 15:40:43,137][absl][INFO] - [process=0][thread=MainThread][operation_id=1] _SignalingThread.join() waiting for signals ([]) blocking the main thread will slow down blocking save times. This is likely due to main thread calling result() on a CommitFuture.
[2026-03-01 15:40:43,139][absl][INFO] - [process=0][thread=array_type_handler] Wrote 15 array_metadata.ArrayMetadata to /home/tarunak/scaling/checkpoints/hidden_dim=128/ckpt.orbax-checkpoint-tmp/array_metadatas/process_0
[2026-03-01 15:40:43,200][absl][INFO] - [process=0][thread=write_metadata_after_commits] Commit + Array metadata written. Time taken: 0.062385s (commit=0.061115s, array_metadata_write=0.001270s)
[2026-03-01 15:40:43,201][absl][INFO] - [process=0] /jax/checkpoint/write/gbytes_per_sec: 86.712 MiB/s (total gbytes: 8.5 MiB) (time elapsed: 0.09841227531433105 s) (per-host)
[2026-03-01 15:40:43,202][absl][INFO] - Read Metadata={'item_handlers': None, 'metrics': {}, 'performance_metrics': {}, 'init_timestamp_nsecs': 1772397643101429138, 'commit_timestamp_nsecs': None, 'custom_metadata': {}} from /home/tarunak/scaling/checkpoints/hidden_dim=128/ckpt.orbax-checkpoint-tmp/_CHECKPOINT_METADATA
[2026-03-01 15:40:43,202][absl][INFO] - Updated Metadata={'item_handlers': 'orbax.checkpoint._src.handlers.pytree_checkpoint_handler.PyTreeCheckpointHandler', 'metrics': {}, 'performance_metrics': {}, 'init_timestamp_nsecs': 1772397643101429138, 'commit_timestamp_nsecs': None, 'custom_metadata': {}} to /home/tarunak/scaling/checkpoints/hidden_dim=128/ckpt.orbax-checkpoint-tmp/_CHECKPOINT_METADATA
[2026-03-01 15:40:43,203][absl][INFO] - [process=0][thread=MainThread] Skipped cross-host ArrayMetadata validation because only one process is found: process_index=0.
[2026-03-01 15:40:43,218][absl][INFO] - [process=0][thread=MainThread] Pytree save finalize (merge_ocdbt + ArrayMetadata validation) completed. Time taken: 0.015686s. use_zarr3=False, enable_post_merge_validation=True, directory=/home/tarunak/scaling/checkpoints/hidden_dim=128/ckpt.orbax-checkpoint-tmp
[2026-03-01 15:40:43,219][absl][INFO] - Renaming /home/tarunak/scaling/checkpoints/hidden_dim=128/ckpt.orbax-checkpoint-tmp to /home/tarunak/scaling/checkpoints/hidden_dim=128/ckpt
[2026-03-01 15:40:43,220][absl][INFO] - [process=0][thread=MainThread] Finished saving checkpoint (finalized tmp dir) to `/home/tarunak/scaling/checkpoints/hidden_dim=128/ckpt`.
[2026-03-01 15:40:43,220][absl][INFO] - Finished synchronous save in 0.12 seconds to /home/tarunak/scaling/checkpoints/hidden_dim=128/ckpt
