[2026-03-01 17:15:27,029][datasets.load][WARNING] - Using the latest cached version of the dataset since wikitext couldn't be found on the Hugging Face Hub (offline mode is enabled).
[2026-03-01 17:15:27,031][datasets.packaged_modules.cache.cache][WARNING] - Found the latest cached dataset configuration 'wikitext-103-raw-v1' at /home/tarunak/.cache/huggingface/datasets/wikitext/wikitext-103-raw-v1/0.0.0/b08601e04326c79dfdd32d625aee71d232d685c3 (last modified on Thu Feb 26 21:25:17 2026).
[2026-03-01 19:54:12,868][absl][INFO] - save_device_host_concurrent_bytes=None
[2026-03-01 19:54:12,879][absl][INFO] - Created BasePyTreeCheckpointHandler: use_ocdbt=True, use_zarr3=False, pytree_metadata_options=PyTreeMetadataOptions(support_rich_types=False), array_metadata_store=<orbax.checkpoint._src.metadata.array_metadata_store.Store object at 0xeefe47606ba0>, enable_pinned_host_transfer=True, save_concurrent_bytes: 96000000000 (89.4 GiB), restore_concurrent_bytes: 96000000000 (89.4 GiB)
[2026-03-01 19:54:12,880][absl][INFO] - [process=0] Started saving checkpoint to /home/tarunak/scaling/checkpoints/hidden_dim=512/ckpt.
[2026-03-01 19:54:12,882][absl][INFO] - Creating tmp directory /home/tarunak/scaling/checkpoints/hidden_dim=512/ckpt.orbax-checkpoint-tmp
[2026-03-01 19:54:12,888][absl][INFO] - [process=0][thread=MainThread] Initiated "orbax.checkpoint._src.serialization.type_handlers.ScalarHandler".serialize. Time taken: 0.000185s
[2026-03-01 19:54:12,902][absl][INFO] - [process=0][thread=MainThread] Initiated "orbax.checkpoint._src.serialization.type_handlers.StringHandler".serialize. Time taken: 0.000336s
[2026-03-01 19:54:12,904][absl][INFO] - [process=0][thread=MainThread] Initiated "orbax.checkpoint._src.serialization.type_handlers.ScalarHandler".serialize. Time taken: 0.000255s
[2026-03-01 19:54:12,905][absl][INFO] - Scheduling D2H of 15 prioritized jax.Array.
[2026-03-01 19:54:12,905][absl][INFO] - Transferring arrays to host memory with options: use_replica_parallel=True, min_slice_bytes_for_replica_parallel=None, max_replicas_for_replica_parallel=None, enable_pinned_host_transfer=True
[2026-03-01 19:54:12,922][absl][INFO] - [process=0][thread=MainThread] Initiated "orbax.checkpoint._src.serialization.jax_array_handlers.ArrayHandler".serialize. Time taken: 0.018226s
[2026-03-01 19:54:12,923][absl][INFO] - [process=0] /jax/checkpoint/write/blocking_gbytes_per_sec: 1000.443 MiB/s (total gbytes: 40.0 MiB) (time elapsed: 0.040021657943725586 s) (per-host)
[2026-03-01 19:54:12,924][absl][INFO] - [process=0][thread=MainThread] Initiated Pytree async_save. Time taken: 0.041046s (batch_requests_ready=0.003107s, total_serialization_initiated=0.036487s, others=0.001451s)
[2026-03-01 19:54:12,925][absl][INFO] - [process=0][thread=MainThread][operation_id=3] _SignalingThread.join() waiting for signals ([]) blocking the main thread will slow down blocking save times. This is likely due to main thread calling result() on a CommitFuture.
[2026-03-01 19:54:12,931][absl][INFO] - [process=0][thread=array_type_handler] Wrote 15 array_metadata.ArrayMetadata to /home/tarunak/scaling/checkpoints/hidden_dim=512/ckpt.orbax-checkpoint-tmp/array_metadatas/process_0
[2026-03-01 19:54:13,060][absl][INFO] - [process=0][thread=write_metadata_after_commits] Commit + Array metadata written. Time taken: 0.136469s (commit=0.134509s, array_metadata_write=0.001960s)
[2026-03-01 19:54:13,061][absl][INFO] - [process=0] /jax/checkpoint/write/gbytes_per_sec: 225.023 MiB/s (total gbytes: 40.0 MiB) (time elapsed: 0.1779344081878662 s) (per-host)
[2026-03-01 19:54:13,065][absl][INFO] - [process=0][thread=MainThread] Skipped cross-host ArrayMetadata validation because only one process is found: process_index=0.
[2026-03-01 19:54:13,078][absl][INFO] - [process=0][thread=MainThread] Pytree save finalize (merge_ocdbt + ArrayMetadata validation) completed. Time taken: 0.015183s. use_zarr3=False, enable_post_merge_validation=True, directory=/home/tarunak/scaling/checkpoints/hidden_dim=512/ckpt.orbax-checkpoint-tmp
[2026-03-01 19:54:13,079][absl][INFO] - Renaming /home/tarunak/scaling/checkpoints/hidden_dim=512/ckpt.orbax-checkpoint-tmp to /home/tarunak/scaling/checkpoints/hidden_dim=512/ckpt
[2026-03-01 19:54:13,080][absl][INFO] - [process=0][thread=MainThread] Finished saving checkpoint (finalized tmp dir) to `/home/tarunak/scaling/checkpoints/hidden_dim=512/ckpt`.
[2026-03-01 19:54:13,081][absl][INFO] - Finished synchronous save in 0.20 seconds to /home/tarunak/scaling/checkpoints/hidden_dim=512/ckpt
