[2026-03-12 11:20:57,094][httpx][INFO] - HTTP Request: HEAD https://huggingface.co/datasets/wikitext/resolve/main/README.md "HTTP/1.1 307 Temporary Redirect"
[2026-03-12 11:20:57,146][httpx][INFO] - HTTP Request: HEAD https://huggingface.co/datasets/Salesforce/wikitext/resolve/main/README.md "HTTP/1.1 307 Temporary Redirect"
[2026-03-12 11:20:57,159][httpx][INFO] - HTTP Request: HEAD https://huggingface.co/api/resolve-cache/datasets/Salesforce/wikitext/b08601e04326c79dfdd32d625aee71d232d685c3/README.md "HTTP/1.1 200 OK"
[2026-03-12 11:20:57,220][httpx][INFO] - HTTP Request: HEAD https://huggingface.co/datasets/wikitext/resolve/b08601e04326c79dfdd32d625aee71d232d685c3/wikitext.py "HTTP/1.1 307 Temporary Redirect"
[2026-03-12 11:20:57,270][httpx][INFO] - HTTP Request: HEAD https://huggingface.co/datasets/Salesforce/wikitext/resolve/b08601e04326c79dfdd32d625aee71d232d685c3/wikitext.py "HTTP/1.1 404 Not Found"
[2026-03-12 11:20:57,441][httpx][INFO] - HTTP Request: HEAD https://s3.amazonaws.com/datasets.huggingface.co/datasets/datasets/wikitext/wikitext.py "HTTP/1.1 200 OK"
[2026-03-12 11:20:57,507][httpx][INFO] - HTTP Request: GET https://huggingface.co/api/datasets/wikitext/revision/b08601e04326c79dfdd32d625aee71d232d685c3 "HTTP/1.1 307 Temporary Redirect"
[2026-03-12 11:20:57,552][httpx][INFO] - HTTP Request: GET https://huggingface.co/api/datasets/Salesforce/wikitext/revision/b08601e04326c79dfdd32d625aee71d232d685c3 "HTTP/1.1 200 OK"
[2026-03-12 11:20:57,602][httpx][INFO] - HTTP Request: HEAD https://huggingface.co/datasets/wikitext/resolve/b08601e04326c79dfdd32d625aee71d232d685c3/.huggingface.yaml "HTTP/1.1 307 Temporary Redirect"
[2026-03-12 11:20:57,646][httpx][INFO] - HTTP Request: HEAD https://huggingface.co/datasets/Salesforce/wikitext/resolve/b08601e04326c79dfdd32d625aee71d232d685c3/.huggingface.yaml "HTTP/1.1 404 Not Found"
[2026-03-12 11:20:57,829][httpx][INFO] - HTTP Request: GET https://datasets-server.huggingface.co/info?dataset=wikitext "HTTP/1.1 404 Not Found"
[2026-03-12 11:20:57,888][httpx][INFO] - HTTP Request: GET https://huggingface.co/api/datasets/wikitext/tree/b08601e04326c79dfdd32d625aee71d232d685c3/wikitext-103-raw-v1?recursive=true&expand=false "HTTP/1.1 307 Temporary Redirect"
[2026-03-12 11:20:57,938][httpx][INFO] - HTTP Request: GET https://huggingface.co/api/datasets/Salesforce/wikitext/tree/b08601e04326c79dfdd32d625aee71d232d685c3/wikitext-103-raw-v1?recursive=true&expand=false "HTTP/1.1 200 OK"
[2026-03-12 11:20:57,988][httpx][INFO] - HTTP Request: GET https://huggingface.co/api/datasets/wikitext/tree/b08601e04326c79dfdd32d625aee71d232d685c3?recursive=false&expand=false "HTTP/1.1 307 Temporary Redirect"
[2026-03-12 11:20:58,032][httpx][INFO] - HTTP Request: GET https://huggingface.co/api/datasets/Salesforce/wikitext/tree/b08601e04326c79dfdd32d625aee71d232d685c3?recursive=false&expand=false "HTTP/1.1 200 OK"
[2026-03-12 11:20:58,090][httpx][INFO] - HTTP Request: HEAD https://huggingface.co/datasets/wikitext/resolve/b08601e04326c79dfdd32d625aee71d232d685c3/dataset_infos.json "HTTP/1.1 307 Temporary Redirect"
[2026-03-12 11:20:58,136][httpx][INFO] - HTTP Request: HEAD https://huggingface.co/datasets/Salesforce/wikitext/resolve/b08601e04326c79dfdd32d625aee71d232d685c3/dataset_infos.json "HTTP/1.1 404 Not Found"
[2026-03-12 11:21:41,551][jax._src.xla_bridge][INFO] - Unable to initialize backend 'tpu': INTERNAL: Failed to open libtpu.so: libtpu.so: cannot open shared object file: No such file or directory
[2026-03-12 11:44:06,592][asyncio][WARNING] - socket.send() raised exception.
[2026-03-12 11:44:06,593][asyncio][WARNING] - socket.send() raised exception.
[2026-03-12 11:44:06,593][asyncio][WARNING] - socket.send() raised exception.
[2026-03-12 11:44:06,593][asyncio][WARNING] - socket.send() raised exception.
[2026-03-12 11:44:06,593][asyncio][WARNING] - socket.send() raised exception.
[2026-03-12 11:44:06,593][asyncio][WARNING] - socket.send() raised exception.
[2026-03-12 11:44:06,593][asyncio][WARNING] - socket.send() raised exception.
[2026-03-12 11:44:06,593][asyncio][WARNING] - socket.send() raised exception.
