[2026-03-04 15:13:51,374][datasets.load][WARNING] - Using the latest cached version of the dataset since wikitext couldn't be found on the Hugging Face Hub (offline mode is enabled).
[2026-03-04 15:13:51,376][datasets.packaged_modules.cache.cache][WARNING] - Found the latest cached dataset configuration 'wikitext-103-raw-v1' at /home/tarunak/.cache/huggingface/datasets/wikitext/wikitext-103-raw-v1/0.0.0/b08601e04326c79dfdd32d625aee71d232d685c3 (last modified on Thu Feb 26 21:25:17 2026).
[2026-03-05 20:30:32,808][absl][INFO] - save_device_host_concurrent_bytes=None
[2026-03-05 20:30:32,810][absl][INFO] - Created BasePyTreeCheckpointHandler: use_ocdbt=True, use_zarr3=False, pytree_metadata_options=PyTreeMetadataOptions(support_rich_types=False), array_metadata_store=<orbax.checkpoint._src.metadata.array_metadata_store.Store object at 0xeac33dda6db0>, enable_pinned_host_transfer=True, save_concurrent_bytes: 96000000000 (89.4 GiB), restore_concurrent_bytes: 96000000000 (89.4 GiB)
[2026-03-05 20:30:32,811][absl][INFO] - [process=0] Started saving checkpoint to /home/tarunak/scaling/checkpoints/hidden_dim=2048/ckpt.
[2026-03-05 20:30:32,814][absl][INFO] - Creating tmp directory /home/tarunak/scaling/checkpoints/hidden_dim=2048/ckpt.orbax-checkpoint-tmp
[2026-03-05 20:30:32,835][absl][INFO] - [process=0][thread=MainThread] Initiated "orbax.checkpoint._src.serialization.type_handlers.ScalarHandler".serialize. Time taken: 0.009413s
[2026-03-05 20:30:32,850][absl][INFO] - [process=0][thread=MainThread] Initiated "orbax.checkpoint._src.serialization.type_handlers.StringHandler".serialize. Time taken: 0.004420s
[2026-03-05 20:30:32,850][absl][INFO] - [process=0][thread=MainThread] Initiated "orbax.checkpoint._src.serialization.type_handlers.ScalarHandler".serialize. Time taken: 0.000351s
[2026-03-05 20:30:32,851][absl][INFO] - Scheduling D2H of 15 prioritized jax.Array.
[2026-03-05 20:30:32,852][absl][INFO] - Transferring arrays to host memory with options: use_replica_parallel=True, min_slice_bytes_for_replica_parallel=None, max_replicas_for_replica_parallel=None, enable_pinned_host_transfer=True
[2026-03-05 20:30:32,964][absl][INFO] - [process=0][thread=MainThread] Initiated "orbax.checkpoint._src.serialization.jax_array_handlers.ArrayHandler".serialize. Time taken: 0.113082s
[2026-03-05 20:30:32,965][absl][INFO] - [process=0] /jax/checkpoint/write/blocking_gbytes_per_sec: 1.682 GiB/s (total gbytes: 256.1 MiB) (time elapsed: 0.14867520332336426 s) (per-host)
[2026-03-05 20:30:32,965][absl][INFO] - [process=0][thread=MainThread] Initiated Pytree async_save. Time taken: 0.148808s (batch_requests_ready=0.007608s, total_serialization_initiated=0.140724s, others=0.000476s)
[2026-03-05 20:30:32,965][absl][INFO] - [process=0][thread=MainThread][operation_id=5] _SignalingThread.join() waiting for signals ([]) blocking the main thread will slow down blocking save times. This is likely due to main thread calling result() on a CommitFuture.
[2026-03-05 20:30:32,969][absl][INFO] - [process=0][thread=array_type_handler] Wrote 15 array_metadata.ArrayMetadata to /home/tarunak/scaling/checkpoints/hidden_dim=2048/ckpt.orbax-checkpoint-tmp/array_metadatas/process_0
[2026-03-05 20:30:33,207][absl][INFO] - [process=0][thread=write_metadata_after_commits] Commit + Array metadata written. Time taken: 0.241096s (commit=0.239151s, array_metadata_write=0.001945s)
[2026-03-05 20:30:33,208][absl][INFO] - [process=0] /jax/checkpoint/write/gbytes_per_sec: 653.875 MiB/s (total gbytes: 256.1 MiB) (time elapsed: 0.39160823822021484 s) (per-host)
[2026-03-05 20:30:33,211][absl][INFO] - [process=0][thread=MainThread] Skipped cross-host ArrayMetadata validation because only one process is found: process_index=0.
[2026-03-05 20:30:33,225][absl][INFO] - [process=0][thread=MainThread] Pytree save finalize (merge_ocdbt + ArrayMetadata validation) completed. Time taken: 0.015595s. use_zarr3=False, enable_post_merge_validation=True, directory=/home/tarunak/scaling/checkpoints/hidden_dim=2048/ckpt.orbax-checkpoint-tmp
[2026-03-05 20:30:33,225][absl][INFO] - Renaming /home/tarunak/scaling/checkpoints/hidden_dim=2048/ckpt.orbax-checkpoint-tmp to /home/tarunak/scaling/checkpoints/hidden_dim=2048/ckpt
[2026-03-05 20:30:33,227][absl][INFO] - [process=0][thread=MainThread] Finished saving checkpoint (finalized tmp dir) to `/home/tarunak/scaling/checkpoints/hidden_dim=2048/ckpt`.
[2026-03-05 20:30:33,227][absl][INFO] - Finished synchronous save in 0.42 seconds to /home/tarunak/scaling/checkpoints/hidden_dim=2048/ckpt
